2023-10-02 07:50:45,880 - Parser - ERROR - Ошибка при проверке разрешения на сканирование(Возможно файл не найден): Couldn't find a tree builder with the features you requested: lxml. Do you need to install a parser library?
2023-10-02 07:50:45,881 - Parser - ERROR - Ошибка при проверке разрешения на сканирование(Возможно файл не найден): Couldn't find a tree builder with the features you requested: lxml. Do you need to install a parser library?
2023-10-02 07:51:55,159 - Parser - ERROR - Ошибка при проверке разрешения на сканирование(Возможно файл не найден): Couldn't find a tree builder with the features you requested: lxml. Do you need to install a parser library?
2023-10-02 07:52:41,885 - Parser - ERROR - Ошибка при проверке разрешения на сканирование(Возможно файл не найден): Couldn't find a tree builder with the features you requested: lxml. Do you need to install a parser library?
2023-10-02 07:52:42,282 - Parser - ERROR - Ошибка при проверке разрешения на сканирование(Возможно файл не найден): Couldn't find a tree builder with the features you requested: lxml. Do you need to install a parser library?
2023-10-02 07:53:02,393 - Parser - ERROR - Ошибка при проверке разрешения на сканирование(Возможно файл не найден): Couldn't find a tree builder with the features you requested: lxml. Do you need to install a parser library?
2023-10-02 07:53:02,525 - Parser - ERROR - Ошибка при проверке разрешения на сканирование(Возможно файл не найден): Couldn't find a tree builder with the features you requested: lxml. Do you need to install a parser library?
2023-10-02 07:53:29,094 - Parser - ERROR - Ошибка при проверке разрешения на сканирование(Возможно файл не найден): Couldn't find a tree builder with the features you requested: lxml. Do you need to install a parser library?
2023-10-02 07:53:49,575 - Parser - ERROR - Ошибка при проверке разрешения на сканирование(Возможно файл не найден): Couldn't find a tree builder with the features you requested: lxml. Do you need to install a parser library?
2023-10-02 07:54:35,026 - Parser - ERROR - Ошибка при проверке разрешения на сканирование(Возможно файл не найден): Couldn't find a tree builder with the features you requested: lxml. Do you need to install a parser library?
2023-10-02 07:55:47,122 - Parser - ERROR - Ошибка при проверке разрешения на сканирование(Возможно файл не найден): Couldn't find a tree builder with the features you requested: lxml. Do you need to install a parser library?
2023-10-02 07:58:22,619 - Parser - ERROR - Ошибка при проверке разрешения на сканирование(Возможно файл не найден): Couldn't find a tree builder with the features you requested: lxml. Do you need to install a parser library?
2023-10-02 08:01:02,799 - Parser - ERROR - Ошибка при проверке разрешения на сканирование(Возможно файл не найден): Couldn't find a tree builder with the features you requested: lxml. Do you need to install a parser library?
2023-10-02 08:10:25,271 - Parser - ERROR - Ошибка при проверке разрешения на сканирование(Возможно файл не найден): Couldn't find a tree builder with the features you requested: lxml. Do you need to install a parser library?
2023-10-02 08:12:33,461 - Parser - ERROR - Ошибка при проверке разрешения на сканирование(Возможно файл не найден): 404 Client Error: Not Found for url: https://hh.ru/robots.txt
2023-10-02 08:12:35,010 - Parser - ERROR - Произошла ошибка при получении мета-тегов: 404 Client Error: Not Found for url: https://hh.ru/
2023-10-02 08:12:43,154 - Parser - ERROR - Ошибка при проверке разрешения на сканирование(Возможно файл не найден): Couldn't find a tree builder with the features you requested: lxml. Do you need to install a parser library?
2023-10-02 08:13:54,935 - Parser - ERROR - Ошибка при проверке разрешения на сканирование(Возможно файл не найден): Couldn't find a tree builder with the features you requested: lxml. Do you need to install a parser library?
2023-10-02 08:14:27,360 - Parser - ERROR - Ошибка при проверке разрешения на сканирование(Возможно файл не найден): Couldn't find a tree builder with the features you requested: lxml. Do you need to install a parser library?
2023-10-02 08:16:48,168 - Parser - ERROR - Ошибка при проверке разрешения на сканирование(Возможно файл не найден): Couldn't find a tree builder with the features you requested: lxml. Do you need to install a parser library?
2023-10-02 08:18:53,661 - Parser - ERROR - Ошибка при проверке разрешения на сканирование(Возможно файл не найден): Couldn't find a tree builder with the features you requested: lxml. Do you need to install a parser library?
2023-10-02 08:28:04,026 - Parser - ERROR - Ошибка при проверке разрешения на сканирование(Возможно файл не найден): Couldn't find a tree builder with the features you requested: lxml. Do you need to install a parser library?
2023-10-02 08:28:04,211 - Parser - ERROR - Ошибка при проверке разрешения на сканирование(Возможно файл не найден): Couldn't find a tree builder with the features you requested: lxml. Do you need to install a parser library?
2023-10-02 08:29:05,421 - Parser - ERROR - Ошибка при проверке разрешения на сканирование(Возможно файл не найден): Couldn't find a tree builder with the features you requested: lxml. Do you need to install a parser library?
2023-10-02 08:31:25,819 - Parser - ERROR - Ошибка при проверке разрешения на сканирование(Возможно файл не найден): Couldn't find a tree builder with the features you requested: lxml. Do you need to install a parser library?
2023-10-02 08:34:22,859 - Parser - ERROR - Ошибка при проверке разрешения на сканирование(Возможно файл не найден): Couldn't find a tree builder with the features you requested: lxml. Do you need to install a parser library?
2023-10-02 08:35:48,299 - Parser - ERROR - Ошибка при проверке разрешения на сканирование(Возможно файл не найден): Couldn't find a tree builder with the features you requested: lxml. Do you need to install a parser library?
2023-10-02 08:39:10,881 - Parser - ERROR - Ошибка при проверке разрешения на сканирование(Возможно файл не найден): Couldn't find a tree builder with the features you requested: lxml. Do you need to install a parser library?
2023-10-02 08:40:21,384 - Parser - ERROR - Ошибка при проверке разрешения на сканирование(Возможно файл не найден): Couldn't find a tree builder with the features you requested: lxml. Do you need to install a parser library?
2023-10-02 08:43:14,920 - Parser - ERROR - Ошибка при проверке разрешения на сканирование(Возможно файл не найден): Couldn't find a tree builder with the features you requested: lxml. Do you need to install a parser library?
2023-10-02 08:47:24,337 - Parser - ERROR - Ошибка при проверке разрешения на сканирование(Возможно файл не найден): Couldn't find a tree builder with the features you requested: lxml. Do you need to install a parser library?
2023-10-02 08:49:21,452 - Parser - ERROR - Ошибка при проверке разрешения на сканирование(Возможно файл не найден): Couldn't find a tree builder with the features you requested: lxml. Do you need to install a parser library?
2023-10-02 08:54:52,495 - Parser - ERROR - Ошибка при проверке разрешения на сканирование(Возможно файл не найден): Couldn't find a tree builder with the features you requested: lxml. Do you need to install a parser library?
2023-10-02 08:54:52,775 - Parser - ERROR - Ошибка при проверке разрешения на сканирование(Возможно файл не найден): Couldn't find a tree builder with the features you requested: lxml. Do you need to install a parser library?
2023-10-02 08:54:52,776 - Parser - ERROR - Ошибка при проверке разрешения на сканирование(Возможно файл не найден): Couldn't find a tree builder with the features you requested: lxml. Do you need to install a parser library?
2023-10-02 08:54:52,911 - Parser - ERROR - Ошибка при проверке разрешения на сканирование(Возможно файл не найден): Couldn't find a tree builder with the features you requested: lxml. Do you need to install a parser library?
2023-10-02 08:55:31,438 - Parser - ERROR - Ошибка при проверке разрешения на сканирование(Возможно файл не найден): Couldn't find a tree builder with the features you requested: lxml. Do you need to install a parser library?
2023-10-02 08:56:17,820 - Parser - ERROR - Ошибка при проверке разрешения на сканирование(Возможно файл не найден): Couldn't find a tree builder with the features you requested: lxml. Do you need to install a parser library?
2023-10-02 08:56:18,014 - Parser - ERROR - Ошибка при проверке разрешения на сканирование(Возможно файл не найден): Couldn't find a tree builder with the features you requested: lxml. Do you need to install a parser library?
2023-10-02 08:56:58,216 - Parser - ERROR - Ошибка при проверке разрешения на сканирование(Возможно файл не найден): Couldn't find a tree builder with the features you requested: lxml. Do you need to install a parser library?
2023-10-02 08:57:51,316 - Parser - ERROR - Ошибка при проверке разрешения на сканирование(Возможно файл не найден): Couldn't find a tree builder with the features you requested: lxml. Do you need to install a parser library?
2023-10-02 08:58:25,548 - Parser - ERROR - Ошибка при проверке разрешения на сканирование(Возможно файл не найден): Couldn't find a tree builder with the features you requested: lxml. Do you need to install a parser library?
2023-10-02 08:58:56,869 - Parser - ERROR - Ошибка при проверке разрешения на сканирование(Возможно файл не найден): Couldn't find a tree builder with the features you requested: lxml. Do you need to install a parser library?
2023-10-02 09:00:34,014 - Parser - ERROR - Ошибка при проверке разрешения на сканирование(Возможно файл не найден): Couldn't find a tree builder with the features you requested: lxml. Do you need to install a parser library?
2023-10-02 09:01:04,554 - Parser - ERROR - Ошибка при проверке разрешения на сканирование(Возможно файл не найден): Couldn't find a tree builder with the features you requested: lxml. Do you need to install a parser library?
2023-10-02 09:01:21,833 - Parser - ERROR - Ошибка при проверке разрешения на сканирование(Возможно файл не найден): Couldn't find a tree builder with the features you requested: lxml. Do you need to install a parser library?
2023-10-02 09:03:30,032 - Parser - ERROR - Ошибка при проверке разрешения на сканирование(Возможно файл не найден): Couldn't find a tree builder with the features you requested: lxml. Do you need to install a parser library?
2023-10-02 09:04:08,007 - Parser - ERROR - Ошибка при проверке разрешения на сканирование(Возможно файл не найден): Couldn't find a tree builder with the features you requested: lxml. Do you need to install a parser library?
2023-10-02 09:04:21,331 - Parser - ERROR - Ошибка при проверке разрешения на сканирование(Возможно файл не найден): Couldn't find a tree builder with the features you requested: lxml. Do you need to install a parser library?
2023-10-02 09:05:17,209 - Parser - ERROR - Ошибка при проверке разрешения на сканирование(Возможно файл не найден): Couldn't find a tree builder with the features you requested: lxml. Do you need to install a parser library?
2023-10-02 09:06:29,691 - Parser - ERROR - Ошибка при проверке разрешения на сканирование(Возможно файл не найден): Couldn't find a tree builder with the features you requested: lxml. Do you need to install a parser library?
2023-10-02 09:06:46,389 - Parser - ERROR - Ошибка при проверке разрешения на сканирование(Возможно файл не найден): Couldn't find a tree builder with the features you requested: lxml. Do you need to install a parser library?
2023-10-02 09:07:30,429 - Parser - ERROR - Ошибка при проверке разрешения на сканирование(Возможно файл не найден): Couldn't find a tree builder with the features you requested: lxml. Do you need to install a parser library?
2023-10-02 09:07:47,387 - Parser - ERROR - Ошибка при проверке разрешения на сканирование(Возможно файл не найден): Couldn't find a tree builder with the features you requested: lxml. Do you need to install a parser library?
2023-10-02 09:08:57,058 - Parser - ERROR - Ошибка при проверке разрешения на сканирование(Возможно файл не найден): Couldn't find a tree builder with the features you requested: lxml. Do you need to install a parser library?
2023-10-02 09:09:02,977 - Parser - ERROR - Ошибка при проверке разрешения на сканирование(Возможно файл не найден): Couldn't find a tree builder with the features you requested: lxml. Do you need to install a parser library?
2023-10-02 09:10:05,551 - Parser - ERROR - Ошибка при проверке разрешения на сканирование(Возможно файл не найден): Couldn't find a tree builder with the features you requested: lxml. Do you need to install a parser library?
2023-10-02 09:10:09,723 - Parser - ERROR - Ошибка при проверке разрешения на сканирование(Возможно файл не найден): Couldn't find a tree builder with the features you requested: lxml. Do you need to install a parser library?
2023-10-02 09:10:23,585 - Parser - ERROR - Ошибка при проверке разрешения на сканирование(Возможно файл не найден): Couldn't find a tree builder with the features you requested: lxml. Do you need to install a parser library?
2023-10-02 09:12:15,128 - Parser - ERROR - Ошибка при проверке разрешения на сканирование(Возможно файл не найден): Couldn't find a tree builder with the features you requested: lxml. Do you need to install a parser library?
2023-10-02 09:12:48,642 - Parser - ERROR - Ошибка при проверке разрешения на сканирование(Возможно файл не найден): Couldn't find a tree builder with the features you requested: lxml. Do you need to install a parser library?
2023-10-02 09:15:02,561 - Parser - ERROR - Ошибка при проверке разрешения на сканирование(Возможно файл не найден): Couldn't find a tree builder with the features you requested: lxml. Do you need to install a parser library?
2023-10-02 09:18:06,854 - Parser - ERROR - Ошибка при проверке разрешения на сканирование(Возможно файл не найден): Couldn't find a tree builder with the features you requested: lxml. Do you need to install a parser library?
2023-10-02 09:21:12,457 - Parser - ERROR - Ошибка при проверке разрешения на сканирование(Возможно файл не найден): Couldn't find a tree builder with the features you requested: lxml. Do you need to install a parser library?
2023-10-02 09:24:59,745 - Parser - ERROR - Ошибка при проверке разрешения на сканирование(Возможно файл не найден): Couldn't find a tree builder with the features you requested: lxml. Do you need to install a parser library?
2023-10-02 09:25:43,956 - Parser - ERROR - Ошибка при проверке разрешения на сканирование(Возможно файл не найден): Couldn't find a tree builder with the features you requested: lxml. Do you need to install a parser library?
2023-10-02 09:30:52,329 - Parser - ERROR - Ошибка при проверке разрешения на сканирование(Возможно файл не найден): Couldn't find a tree builder with the features you requested: lxml. Do you need to install a parser library?
2023-10-02 09:31:47,167 - Parser - ERROR - Ошибка при проверке разрешения на сканирование(Возможно файл не найден): Couldn't find a tree builder with the features you requested: lxml. Do you need to install a parser library?
2023-10-02 09:32:32,744 - Parser - ERROR - Ошибка при проверке разрешения на сканирование(Возможно файл не найден): Couldn't find a tree builder with the features you requested: lxml. Do you need to install a parser library?
2023-10-02 09:34:03,499 - Parser - ERROR - Ошибка при проверке разрешения на сканирование(Возможно файл не найден): Couldn't find a tree builder with the features you requested: lxml. Do you need to install a parser library?
2023-10-02 09:36:14,064 - Parser - ERROR - Ошибка при проверке разрешения на сканирование(Возможно файл не найден): Couldn't find a tree builder with the features you requested: lxml. Do you need to install a parser library?
2023-10-02 09:36:45,449 - Parser - ERROR - Ошибка при проверке разрешения на сканирование(Возможно файл не найден): Couldn't find a tree builder with the features you requested: lxml. Do you need to install a parser library?
2023-10-02 09:37:20,525 - Parser - ERROR - Ошибка при проверке разрешения на сканирование(Возможно файл не найден): Couldn't find a tree builder with the features you requested: lxml. Do you need to install a parser library?
2023-10-02 09:38:58,899 - Parser - ERROR - Ошибка при проверке разрешения на сканирование(Возможно файл не найден): Couldn't find a tree builder with the features you requested: lxml. Do you need to install a parser library?
2023-10-02 09:39:26,603 - Parser - ERROR - Ошибка при проверке разрешения на сканирование(Возможно файл не найден): Couldn't find a tree builder with the features you requested: lxml. Do you need to install a parser library?
2023-10-02 09:40:52,587 - Parser - ERROR - Ошибка при проверке разрешения на сканирование(Возможно файл не найден): Couldn't find a tree builder with the features you requested: lxml. Do you need to install a parser library?
2023-10-02 09:43:04,275 - Parser - ERROR - Ошибка при проверке разрешения на сканирование(Возможно файл не найден): Couldn't find a tree builder with the features you requested: lxml. Do you need to install a parser library?
2023-10-02 09:43:35,719 - Parser - ERROR - Ошибка при проверке разрешения на сканирование(Возможно файл не найден): Couldn't find a tree builder with the features you requested: lxml. Do you need to install a parser library?
2023-10-02 09:46:53,240 - Parser - ERROR - Ошибка при проверке разрешения на сканирование(Возможно файл не найден): Couldn't find a tree builder with the features you requested: lxml. Do you need to install a parser library?
2023-10-02 09:48:37,404 - Parser - ERROR - Ошибка при проверке разрешения на сканирование(Возможно файл не найден): Couldn't find a tree builder with the features you requested: lxml. Do you need to install a parser library?
2023-10-02 09:51:17,872 - Parser - ERROR - Ошибка при проверке разрешения на сканирование(Возможно файл не найден): Couldn't find a tree builder with the features you requested: lxml. Do you need to install a parser library?
2023-10-02 09:56:29,227 - Parser - ERROR - Ошибка при проверке разрешения на сканирование(Возможно файл не найден): Couldn't find a tree builder with the features you requested: lxml. Do you need to install a parser library?
2023-10-02 09:57:23,594 - Parser - ERROR - Ошибка при проверке разрешения на сканирование(Возможно файл не найден): Couldn't find a tree builder with the features you requested: lxml. Do you need to install a parser library?
2023-10-02 09:58:35,189 - Parser - ERROR - Ошибка при проверке разрешения на сканирование(Возможно файл не найден): Couldn't find a tree builder with the features you requested: lxml. Do you need to install a parser library?
2023-10-02 09:59:31,310 - Parser - ERROR - Ошибка при проверке разрешения на сканирование(Возможно файл не найден): Couldn't find a tree builder with the features you requested: lxml. Do you need to install a parser library?
2023-10-02 10:00:39,346 - Parser - ERROR - Ошибка при проверке разрешения на сканирование(Возможно файл не найден): Couldn't find a tree builder with the features you requested: lxml. Do you need to install a parser library?
2023-10-02 10:01:10,539 - Parser - ERROR - Ошибка при проверке разрешения на сканирование(Возможно файл не найден): Couldn't find a tree builder with the features you requested: lxml. Do you need to install a parser library?
2023-10-02 10:02:00,962 - Parser - ERROR - Ошибка при проверке разрешения на сканирование(Возможно файл не найден): Couldn't find a tree builder with the features you requested: lxml. Do you need to install a parser library?
2023-10-02 10:02:23,143 - Parser - ERROR - Ошибка при проверке разрешения на сканирование(Возможно файл не найден): Couldn't find a tree builder with the features you requested: lxml. Do you need to install a parser library?
2023-10-02 10:04:13,076 - Parser - ERROR - Ошибка при проверке разрешения на сканирование(Возможно файл не найден): Couldn't find a tree builder with the features you requested: lxml. Do you need to install a parser library?
2023-10-02 10:05:53,632 - Parser - ERROR - Ошибка при проверке разрешения на сканирование(Возможно файл не найден): Couldn't find a tree builder with the features you requested: lxml. Do you need to install a parser library?
2023-10-02 10:06:03,579 - Parser - ERROR - Ошибка при проверке разрешения на сканирование(Возможно файл не найден): Couldn't find a tree builder with the features you requested: lxml. Do you need to install a parser library?
2023-10-02 10:07:13,676 - Parser - ERROR - Ошибка при проверке разрешения на сканирование(Возможно файл не найден): Couldn't find a tree builder with the features you requested: lxml. Do you need to install a parser library?
2023-10-02 10:09:04,827 - Parser - ERROR - Ошибка при проверке разрешения на сканирование(Возможно файл не найден): Couldn't find a tree builder with the features you requested: lxml. Do you need to install a parser library?
2023-10-02 10:10:16,595 - Parser - ERROR - Ошибка при проверке разрешения на сканирование(Возможно файл не найден): Couldn't find a tree builder with the features you requested: lxml. Do you need to install a parser library?
2023-10-02 10:10:44,453 - Parser - ERROR - Ошибка при проверке разрешения на сканирование(Возможно файл не найден): Couldn't find a tree builder with the features you requested: lxml. Do you need to install a parser library?
2023-10-02 10:13:01,143 - Parser - ERROR - Ошибка при проверке разрешения на сканирование(Возможно файл не найден): Couldn't find a tree builder with the features you requested: lxml. Do you need to install a parser library?
2023-10-02 10:13:36,595 - Parser - ERROR - Ошибка при проверке разрешения на сканирование(Возможно файл не найден): Couldn't find a tree builder with the features you requested: lxml. Do you need to install a parser library?
2023-10-02 10:14:27,608 - Parser - ERROR - Ошибка при проверке разрешения на сканирование(Возможно файл не найден): Couldn't find a tree builder with the features you requested: lxml. Do you need to install a parser library?
2023-10-02 10:14:51,701 - Parser - ERROR - Ошибка при проверке разрешения на сканирование(Возможно файл не найден): Couldn't find a tree builder with the features you requested: lxml. Do you need to install a parser library?
2023-10-02 10:15:22,283 - Parser - ERROR - Ошибка при проверке разрешения на сканирование(Возможно файл не найден): 403 Client Error: Forbidden for url: https://www.svyaznoy.ru/robots.txt
2023-10-02 10:15:23,444 - Parser - ERROR - Произошла ошибка при получении мета-тегов: 403 Client Error: Forbidden for url: https://www.svyaznoy.ru/catalog/phone/224
2023-10-02 10:15:29,038 - Parser - ERROR - Ошибка при проверке разрешения на сканирование(Возможно файл не найден): 403 Client Error: Forbidden for url: https://www.svyaznoy.ru/robots.txt
2023-10-02 10:15:30,397 - Parser - ERROR - Произошла ошибка при получении мета-тегов: 403 Client Error: Forbidden for url: https://www.svyaznoy.ru/catalog/phone/
2023-10-02 10:16:00,359 - Parser - ERROR - Ошибка при проверке разрешения на сканирование(Возможно файл не найден): Couldn't find a tree builder with the features you requested: lxml. Do you need to install a parser library?
2023-10-02 10:16:57,576 - Parser - ERROR - Ошибка при проверке разрешения на сканирование(Возможно файл не найден): Couldn't find a tree builder with the features you requested: lxml. Do you need to install a parser library?
2023-10-02 10:17:30,824 - Parser - ERROR - Ошибка при проверке разрешения на сканирование(Возможно файл не найден): Couldn't find a tree builder with the features you requested: lxml. Do you need to install a parser library?
2023-10-02 10:17:32,567 - Parser - ERROR - Произошла ошибка при получении мета-тегов: 401 Client Error: Unauthorized for url: https://www.dns-shop.ru/catalog/
2023-10-02 10:18:12,081 - Parser - ERROR - Ошибка при проверке разрешения на сканирование(Возможно файл не найден): Couldn't find a tree builder with the features you requested: lxml. Do you need to install a parser library?
2023-10-02 10:18:13,477 - Parser - ERROR - Произошла ошибка при получении мета-тегов: 401 Client Error: Unauthorized for url: https://shop.mts.ru/catalog/smartfony/?utm_referrer=https%3A%2F%2Fwww.google.com%2F
2023-10-02 10:19:34,571 - Parser - ERROR - Ошибка при проверке разрешения на сканирование(Возможно файл не найден): Couldn't find a tree builder with the features you requested: lxml. Do you need to install a parser library?
2023-10-02 10:20:23,584 - Parser - ERROR - Ошибка при проверке разрешения на сканирование(Возможно файл не найден): Couldn't find a tree builder with the features you requested: lxml. Do you need to install a parser library?
2023-10-02 10:20:24,924 - Parser - ERROR - Произошла ошибка при получении мета-тегов: 503 Server Error: Service Temporarily Unavailable for url: https://www.eldorado.ru/c/smartfony/b/SAMSUNG/?utm_source=google&utm_medium=organic&utm_campaign=google&utm_referrer=google
2023-10-02 10:21:10,193 - Parser - ERROR - Ошибка при проверке разрешения на сканирование(Возможно файл не найден): Couldn't find a tree builder with the features you requested: lxml. Do you need to install a parser library?
2023-10-02 10:21:12,053 - Parser - ERROR - Произошла ошибка при получении мета-тегов: 503 Server Error: Service Temporarily Unavailable for url: https://www.eldorado.ru/
2023-10-02 10:24:13,846 - Parser - ERROR - Ошибка при проверке разрешения на сканирование(Возможно файл не найден): Couldn't find a tree builder with the features you requested: lxml. Do you need to install a parser library?
2023-10-02 10:24:27,053 - Parser - ERROR - Ошибка при проверке разрешения на сканирование(Возможно файл не найден): Couldn't find a tree builder with the features you requested: lxml. Do you need to install a parser library?
2023-10-02 10:25:33,979 - Parser - ERROR - Ошибка при проверке разрешения на сканирование(Возможно файл не найден): Couldn't find a tree builder with the features you requested: lxml. Do you need to install a parser library?
2023-10-02 10:26:10,172 - Parser - ERROR - Ошибка при проверке разрешения на сканирование(Возможно файл не найден): Couldn't find a tree builder with the features you requested: lxml. Do you need to install a parser library?
2023-10-02 10:26:21,059 - Parser - ERROR - Ошибка при проверке разрешения на сканирование(Возможно файл не найден): Couldn't find a tree builder with the features you requested: lxml. Do you need to install a parser library?
2023-10-02 10:28:20,129 - Parser - ERROR - Ошибка при проверке разрешения на сканирование(Возможно файл не найден): Couldn't find a tree builder with the features you requested: lxml. Do you need to install a parser library?
2023-10-02 10:33:16,891 - Parser - ERROR - Ошибка при проверке разрешения на сканирование(Возможно файл не найден): Couldn't find a tree builder with the features you requested: lxml. Do you need to install a parser library?
2023-10-02 10:33:21,222 - Parser - ERROR - Ошибка при проверке разрешения на сканирование(Возможно файл не найден): Couldn't find a tree builder with the features you requested: lxml. Do you need to install a parser library?
2023-10-02 10:34:20,734 - Parser - ERROR - Ошибка при проверке разрешения на сканирование(Возможно файл не найден): Couldn't find a tree builder with the features you requested: lxml. Do you need to install a parser library?
2023-10-02 10:35:29,963 - Parser - ERROR - Ошибка при проверке разрешения на сканирование(Возможно файл не найден): Couldn't find a tree builder with the features you requested: lxml. Do you need to install a parser library?
2023-10-02 10:36:24,118 - Parser - ERROR - Ошибка при проверке разрешения на сканирование(Возможно файл не найден): Couldn't find a tree builder with the features you requested: lxml. Do you need to install a parser library?
2023-10-02 10:36:29,170 - Parser - ERROR - Ошибка при проверке разрешения на сканирование(Возможно файл не найден): Couldn't find a tree builder with the features you requested: lxml. Do you need to install a parser library?
2023-10-02 10:36:53,999 - Parser - ERROR - Ошибка при проверке разрешения на сканирование(Возможно файл не найден): Couldn't find a tree builder with the features you requested: lxml. Do you need to install a parser library?
2023-10-02 10:36:58,740 - Parser - ERROR - Ошибка при проверке разрешения на сканирование(Возможно файл не найден): Couldn't find a tree builder with the features you requested: lxml. Do you need to install a parser library?
2023-10-02 10:38:26,228 - Parser - ERROR - Ошибка при проверке разрешения на сканирование(Возможно файл не найден): Couldn't find a tree builder with the features you requested: lxml. Do you need to install a parser library?
2023-10-02 10:39:43,168 - Parser - ERROR - Ошибка при проверке разрешения на сканирование(Возможно файл не найден): 403 Client Error: Forbidden for url: https://vnukovo-sport.club/robots.txt
2023-10-02 10:39:44,719 - Parser - ERROR - Произошла ошибка при получении текста из https://vnukovo-sport.club/kids: 403 Client Error: Forbidden for url: https://vnukovo-sport.club/kids
2023-10-02 10:40:21,746 - Parser - ERROR - Ошибка при проверке разрешения на сканирование(Возможно файл не найден): Couldn't find a tree builder with the features you requested: lxml. Do you need to install a parser library?
2023-10-02 10:41:11,474 - Parser - ERROR - Ошибка при проверке разрешения на сканирование(Возможно файл не найден): 403 Client Error: Forbidden for url: https://sportclub12.ru/robots.txt
2023-10-02 10:41:12,986 - Parser - ERROR - Произошла ошибка при получении текста из https://sportclub12.ru/: 403 Client Error: Forbidden for url: https://sportclub12.ru/
2023-10-02 10:42:11,566 - Parser - ERROR - Ошибка при проверке разрешения на сканирование(Возможно файл не найден): Couldn't find a tree builder with the features you requested: lxml. Do you need to install a parser library?
2023-10-02 10:44:05,769 - Parser - ERROR - Ошибка при проверке разрешения на сканирование(Возможно файл не найден): Couldn't find a tree builder with the features you requested: lxml. Do you need to install a parser library?
2023-10-02 10:45:41,661 - Parser - ERROR - Ошибка при проверке разрешения на сканирование(Возможно файл не найден): Couldn't find a tree builder with the features you requested: lxml. Do you need to install a parser library?
2023-10-02 10:46:14,928 - Parser - ERROR - Ошибка при проверке разрешения на сканирование(Возможно файл не найден): Couldn't find a tree builder with the features you requested: lxml. Do you need to install a parser library?
2023-10-02 10:47:33,529 - Parser - ERROR - Ошибка при проверке разрешения на сканирование(Возможно файл не найден): Couldn't find a tree builder with the features you requested: lxml. Do you need to install a parser library?
2023-10-02 10:50:03,329 - Parser - ERROR - Ошибка при проверке разрешения на сканирование(Возможно файл не найден): Couldn't find a tree builder with the features you requested: lxml. Do you need to install a parser library?
2023-10-02 10:51:54,307 - Parser - ERROR - Ошибка при проверке разрешения на сканирование(Возможно файл не найден): Couldn't find a tree builder with the features you requested: lxml. Do you need to install a parser library?
2023-10-02 10:54:45,143 - Parser - ERROR - Ошибка при проверке разрешения на сканирование(Возможно файл не найден): Couldn't find a tree builder with the features you requested: lxml. Do you need to install a parser library?
2023-10-02 10:55:30,822 - Parser - ERROR - Ошибка при проверке разрешения на сканирование(Возможно файл не найден): Couldn't find a tree builder with the features you requested: lxml. Do you need to install a parser library?
2023-10-02 11:13:55,220 - Parser - ERROR - Ошибка при проверке разрешения на сканирование(Возможно файл не найден): Couldn't find a tree builder with the features you requested: lxml. Do you need to install a parser library?
2023-10-02 11:15:31,709 - Parser - ERROR - Ошибка при проверке разрешения на сканирование(Возможно файл не найден): Couldn't find a tree builder with the features you requested: lxml. Do you need to install a parser library?
2023-10-02 11:16:51,354 - Parser - ERROR - Ошибка при проверке разрешения на сканирование(Возможно файл не найден): Couldn't find a tree builder with the features you requested: lxml. Do you need to install a parser library?
2023-10-02 11:20:00,401 - Parser - ERROR - Ошибка при проверке разрешения на сканирование(Возможно файл не найден): Couldn't find a tree builder with the features you requested: lxml. Do you need to install a parser library?
2023-10-02 11:21:07,038 - Parser - ERROR - Ошибка при проверке разрешения на сканирование(Возможно файл не найден): Couldn't find a tree builder with the features you requested: lxml. Do you need to install a parser library?
2023-10-02 11:21:36,535 - Parser - ERROR - Ошибка при проверке разрешения на сканирование(Возможно файл не найден): Couldn't find a tree builder with the features you requested: lxml. Do you need to install a parser library?
2023-10-02 11:22:03,001 - Parser - ERROR - Ошибка при проверке разрешения на сканирование(Возможно файл не найден): Couldn't find a tree builder with the features you requested: lxml. Do you need to install a parser library?
2023-10-02 11:22:26,501 - Parser - ERROR - Ошибка при проверке разрешения на сканирование(Возможно файл не найден): Couldn't find a tree builder with the features you requested: lxml. Do you need to install a parser library?
2023-10-02 11:23:30,857 - Parser - ERROR - Ошибка при проверке разрешения на сканирование(Возможно файл не найден): Couldn't find a tree builder with the features you requested: lxml. Do you need to install a parser library?
2023-10-02 11:24:44,140 - Parser - ERROR - Ошибка при проверке разрешения на сканирование(Возможно файл не найден): Couldn't find a tree builder with the features you requested: lxml. Do you need to install a parser library?
2023-10-02 11:26:32,160 - Parser - ERROR - Ошибка при проверке разрешения на сканирование(Возможно файл не найден): Couldn't find a tree builder with the features you requested: lxml. Do you need to install a parser library?
2023-10-02 11:26:34,816 - Parser - ERROR - Ошибка при проверке разрешения на сканирование(Возможно файл не найден): Couldn't find a tree builder with the features you requested: lxml. Do you need to install a parser library?
2023-10-02 11:27:12,523 - Parser - ERROR - Ошибка при проверке разрешения на сканирование(Возможно файл не найден): Couldn't find a tree builder with the features you requested: lxml. Do you need to install a parser library?
2023-10-02 11:27:58,723 - Parser - ERROR - Ошибка при проверке разрешения на сканирование(Возможно файл не найден): Couldn't find a tree builder with the features you requested: lxml. Do you need to install a parser library?
2023-10-02 11:33:35,195 - Parser - ERROR - Ошибка при проверке разрешения на сканирование(Возможно файл не найден): Couldn't find a tree builder with the features you requested: lxml. Do you need to install a parser library?
2023-10-02 11:33:38,221 - Parser - ERROR - Ошибка при проверке разрешения на сканирование(Возможно файл не найден): Couldn't find a tree builder with the features you requested: lxml. Do you need to install a parser library?
2023-10-02 11:34:06,597 - Parser - ERROR - Ошибка при проверке разрешения на сканирование(Возможно файл не найден): Couldn't find a tree builder with the features you requested: lxml. Do you need to install a parser library?
2023-10-02 11:34:11,436 - Parser - ERROR - Ошибка при проверке разрешения на сканирование(Возможно файл не найден): Couldn't find a tree builder with the features you requested: lxml. Do you need to install a parser library?
2023-10-02 11:34:32,324 - Parser - ERROR - Ошибка при проверке разрешения на сканирование(Возможно файл не найден): Couldn't find a tree builder with the features you requested: lxml. Do you need to install a parser library?
2023-10-02 11:34:34,772 - Parser - ERROR - Ошибка при проверке разрешения на сканирование(Возможно файл не найден): Couldn't find a tree builder with the features you requested: lxml. Do you need to install a parser library?
2023-10-02 11:34:45,915 - Parser - ERROR - Ошибка при проверке разрешения на сканирование(Возможно файл не найден): Couldn't find a tree builder with the features you requested: lxml. Do you need to install a parser library?
2023-10-02 11:34:49,353 - Parser - ERROR - Ошибка при проверке разрешения на сканирование(Возможно файл не найден): Couldn't find a tree builder with the features you requested: lxml. Do you need to install a parser library?
2023-10-02 11:35:15,560 - Parser - ERROR - Ошибка при проверке разрешения на сканирование(Возможно файл не найден): Couldn't find a tree builder with the features you requested: lxml. Do you need to install a parser library?
2023-10-02 11:35:18,278 - Parser - ERROR - Ошибка при проверке разрешения на сканирование(Возможно файл не найден): Couldn't find a tree builder with the features you requested: lxml. Do you need to install a parser library?
